INFO:     Will watch for changes in these directories: ['C:\\Users\\David\\Desktop\\Paseos_felices_v5-main\\servicios\\auth-service']
INFO:     Uvicorn running on http://0.0.0.0:8000 (Press CTRL+C to quit)
INFO:     Started reloader process [11480] using WatchFiles
Process SpawnProcess-1:
Traceback (most recent call last):
  File "C:\Users\David\AppData\Local\Programs\Python\Python311\Lib\multiprocessing\process.py", line 314, in _bootstrap
    self.run()
  File "C:\Users\David\AppData\Local\Programs\Python\Python311\Lib\multiprocessing\process.py", line 108, in run
    self._target(*self._args, **self._kwargs)
  File "C:\Users\David\AppData\Local\Programs\Python\Python311\Lib\site-packages\uvicorn\_subprocess.py", line 80, in subprocess_started
    target(sockets=sockets)
  File "C:\Users\David\AppData\Local\Programs\Python\Python311\Lib\site-packages\uvicorn\server.py", line 75, in run
    return asyncio_run(self.serve(sockets=sockets), loop_factory=self.config.get_loop_factory())
           ^^^^^^^^^^^^^^^^^^^^^^^^^^^^^^^^^^^^^^^^^^^^^^^^^^^^^^^^^^^^^^^^^^^^^^^^^^^^^^^^^^^^^
  File "C:\Users\David\AppData\Local\Programs\Python\Python311\Lib\site-packages\uvicorn\_compat.py", line 30, in asyncio_run
    return runner.run(main)
           ^^^^^^^^^^^^^^^^
  File "C:\Users\David\AppData\Local\Programs\Python\Python311\Lib\asyncio\runners.py", line 118, in run
    return self._loop.run_until_complete(task)
           ^^^^^^^^^^^^^^^^^^^^^^^^^^^^^^^^^^^
  File "C:\Users\David\AppData\Local\Programs\Python\Python311\Lib\asyncio\base_events.py", line 654, in run_until_complete
    return future.result()
           ^^^^^^^^^^^^^^^
  File "C:\Users\David\AppData\Local\Programs\Python\Python311\Lib\site-packages\uvicorn\server.py", line 79, in serve
    await self._serve(sockets)
  File "C:\Users\David\AppData\Local\Programs\Python\Python311\Lib\site-packages\uvicorn\server.py", line 86, in _serve
    config.load()
  File "C:\Users\David\AppData\Local\Programs\Python\Python311\Lib\site-packages\uvicorn\config.py", line 441, in load
    self.loaded_app = import_from_string(self.app)
                      ^^^^^^^^^^^^^^^^^^^^^^^^^^^^
  File "C:\Users\David\AppData\Local\Programs\Python\Python311\Lib\site-packages\uvicorn\importer.py", line 19, in import_from_string
    module = importlib.import_module(module_str)
             ^^^^^^^^^^^^^^^^^^^^^^^^^^^^^^^^^^^
  File "C:\Users\David\AppData\Local\Programs\Python\Python311\Lib\importlib\__init__.py", line 126, in import_module
    return _bootstrap._gcd_import(name[level:], package, level)
           ^^^^^^^^^^^^^^^^^^^^^^^^^^^^^^^^^^^^^^^^^^^^^^^^^^^^
  File "<frozen importlib._bootstrap>", line 1204, in _gcd_import
  File "<frozen importlib._bootstrap>", line 1176, in _find_and_load
  File "<frozen importlib._bootstrap>", line 1147, in _find_and_load_unlocked
  File "<frozen importlib._bootstrap>", line 690, in _load_unlocked
  File "<frozen importlib._bootstrap_external>", line 940, in exec_module
  File "<frozen importlib._bootstrap>", line 241, in _call_with_frames_removed
  File "C:\Users\David\Desktop\Paseos_felices_v5-main\servicios\auth-service\main.py", line 6, in <module>
    from auth.router import router as auth_router
  File "C:\Users\David\Desktop\Paseos_felices_v5-main\servicios\auth-service\auth\router.py", line 18, in <module>
    from common.database import get_db
ImportError: cannot import name 'get_db' from 'common.database' (C:\Users\David\Desktop\Paseos_felices_v5-main\servicios\common\database.py)
WARNING:  WatchFiles detected changes in 'auth\database.py'. Reloading...
Process SpawnProcess-2:
Traceback (most recent call last):
  File "C:\Users\David\AppData\Local\Programs\Python\Python311\Lib\multiprocessing\process.py", line 314, in _bootstrap
    self.run()
  File "C:\Users\David\AppData\Local\Programs\Python\Python311\Lib\multiprocessing\process.py", line 108, in run
    self._target(*self._args, **self._kwargs)
  File "C:\Users\David\AppData\Local\Programs\Python\Python311\Lib\site-packages\uvicorn\_subprocess.py", line 80, in subprocess_started
    target(sockets=sockets)
  File "C:\Users\David\AppData\Local\Programs\Python\Python311\Lib\site-packages\uvicorn\server.py", line 75, in run
    return asyncio_run(self.serve(sockets=sockets), loop_factory=self.config.get_loop_factory())
           ^^^^^^^^^^^^^^^^^^^^^^^^^^^^^^^^^^^^^^^^^^^^^^^^^^^^^^^^^^^^^^^^^^^^^^^^^^^^^^^^^^^^^
  File "C:\Users\David\AppData\Local\Programs\Python\Python311\Lib\site-packages\uvicorn\_compat.py", line 30, in asyncio_run
    return runner.run(main)
           ^^^^^^^^^^^^^^^^
  File "C:\Users\David\AppData\Local\Programs\Python\Python311\Lib\asyncio\runners.py", line 118, in run
    return self._loop.run_until_complete(task)
           ^^^^^^^^^^^^^^^^^^^^^^^^^^^^^^^^^^^
  File "C:\Users\David\AppData\Local\Programs\Python\Python311\Lib\asyncio\base_events.py", line 654, in run_until_complete
    return future.result()
           ^^^^^^^^^^^^^^^
  File "C:\Users\David\AppData\Local\Programs\Python\Python311\Lib\site-packages\uvicorn\server.py", line 79, in serve
    await self._serve(sockets)
  File "C:\Users\David\AppData\Local\Programs\Python\Python311\Lib\site-packages\uvicorn\server.py", line 86, in _serve
    config.load()
  File "C:\Users\David\AppData\Local\Programs\Python\Python311\Lib\site-packages\uvicorn\config.py", line 441, in load
    self.loaded_app = import_from_string(self.app)
                      ^^^^^^^^^^^^^^^^^^^^^^^^^^^^
  File "C:\Users\David\AppData\Local\Programs\Python\Python311\Lib\site-packages\uvicorn\importer.py", line 19, in import_from_string
    module = importlib.import_module(module_str)
             ^^^^^^^^^^^^^^^^^^^^^^^^^^^^^^^^^^^
  File "C:\Users\David\AppData\Local\Programs\Python\Python311\Lib\importlib\__init__.py", line 126, in import_module
    return _bootstrap._gcd_import(name[level:], package, level)
           ^^^^^^^^^^^^^^^^^^^^^^^^^^^^^^^^^^^^^^^^^^^^^^^^^^^^
  File "<frozen importlib._bootstrap>", line 1204, in _gcd_import
  File "<frozen importlib._bootstrap>", line 1176, in _find_and_load
  File "<frozen importlib._bootstrap>", line 1147, in _find_and_load_unlocked
  File "<frozen importlib._bootstrap>", line 690, in _load_unlocked
  File "<frozen importlib._bootstrap_external>", line 940, in exec_module
  File "<frozen importlib._bootstrap>", line 241, in _call_with_frames_removed
  File "C:\Users\David\Desktop\Paseos_felices_v5-main\servicios\auth-service\main.py", line 6, in <module>
    from auth.router import router as auth_router
  File "C:\Users\David\Desktop\Paseos_felices_v5-main\servicios\auth-service\auth\router.py", line 18, in <module>
    from common.database import get_db
ImportError: cannot import name 'get_db' from 'common.database' (C:\Users\David\Desktop\Paseos_felices_v5-main\servicios\common\database.py)
WARNING:  WatchFiles detected changes in 'auth\oauth_password_reset.py'. Reloading...
WARNING:  WatchFiles detected changes in 'auth\router.py'. Reloading...
INFO:     Started server process [14776]
INFO:     Waiting for application startup.
INFO:     Application startup complete.
INFO:     Shutting down
INFO:     Waiting for application shutdown.
INFO:     Application shutdown complete.
INFO:     Finished server process [14776]
WARNING:  WatchFiles detected changes in 'main.py', 'auth\models.py'. Reloading...
INFO:     Started server process [7204]
INFO:     Waiting for application startup.
INFO:     Application startup complete.
INFO:     Shutting down
INFO:     Waiting for application shutdown.
INFO:     Application shutdown complete.
INFO:     Finished server process [7204]
INFO:     Started server process [18436]
INFO:     Waiting for application startup.
INFO:     Application startup complete.
WARNING:  WatchFiles detected changes in 'core\config.py'. Reloading...
OSError: [WinError 233] No hay ning·n proceso en el otro extremo de la canalizaci¾n

The above exception was the direct cause of the following exception:

Traceback (most recent call last):
  File "<frozen runpy>", line 198, in _run_module_as_main
  File "<frozen runpy>", line 88, in _run_code
  File "C:\Users\David\AppData\Local\Programs\Python\Python311\Lib\site-packages\uvicorn\__main__.py", line 4, in <module>
    uvicorn.main()
  File "C:\Users\David\AppData\Local\Programs\Python\Python311\Lib\site-packages\click\core.py", line 1514, in __call__
    return self.main(*args, **kwargs)
           ^^^^^^^^^^^^^^^^^^^^^^^^^^
  File "C:\Users\David\AppData\Local\Programs\Python\Python311\Lib\site-packages\click\core.py", line 1435, in main
    rv = self.invoke(ctx)
         ^^^^^^^^^^^^^^^^
  File "C:\Users\David\AppData\Local\Programs\Python\Python311\Lib\site-packages\click\core.py", line 1298, in invoke
    return ctx.invoke(self.callback, **ctx.params)
           ^^^^^^^^^^^^^^^^^^^^^^^^^^^^^^^^^^^^^^^
  File "C:\Users\David\AppData\Local\Programs\Python\Python311\Lib\site-packages\click\core.py", line 853, in invoke
    return callback(*args, **kwargs)
           ^^^^^^^^^^^^^^^^^^^^^^^^^
  File "C:\Users\David\AppData\Local\Programs\Python\Python311\Lib\site-packages\uvicorn\main.py", line 433, in main
    run(
  File "C:\Users\David\AppData\Local\Programs\Python\Python311\Lib\site-packages\uvicorn\main.py", line 601, in run
    ChangeReload(config, target=server.run, sockets=[sock]).run()
  File "C:\Users\David\AppData\Local\Programs\Python\Python311\Lib\site-packages\uvicorn\supervisors\basereload.py", line 59, in run
    self.restart()
  File "C:\Users\David\AppData\Local\Programs\Python\Python311\Lib\site-packages\uvicorn\supervisors\basereload.py", line 91, in restart
    os.kill(self.process.pid, signal.CTRL_C_EVENT)
SystemError: <built-in function kill> returned a result with an exception set
